16:13:03 DEBUG : Logs will be stored at 'C:/Users/ryand/OneDrive/Documents/Xilinx/ECE153A/Vitis/ECE153a_Lab1/IDE.log'.
16:13:06 INFO  : Launching XSCT server: xsct.bat -n  -interactive C:\Users\ryand\OneDrive\Documents\Xilinx\ECE153A\Vitis\ECE153a_Lab1\temp_xsdb_launch_script.tcl
16:13:06 INFO  : Registering command handlers for Vitis TCF services
16:13:06 INFO  : Platform repository initialization has completed.
16:13:08 INFO  : XSCT server has started successfully.
16:13:08 INFO  : plnx-install-location is set to ''
16:13:08 INFO  : Successfully done setting XSCT server connection channel  
16:13:08 INFO  : Successfully done query RDI_DATADIR 
16:13:08 INFO  : Successfully done setting workspace for the tool. 
16:13:56 INFO  : Result from executing command 'getProjects': ECE153a_Lab1
16:13:56 INFO  : Result from executing command 'getPlatforms': 
16:28:03 INFO  : Bit file 'C:/Users/ryand/OneDrive/Documents/Xilinx/ECE153A/Vitis/ECE153a_Lab1/Hello_World/_ide/bitstream/download.bit' is generated.
16:28:06 INFO  : Connected to target on host '127.0.0.1' and port '3121'.
16:28:07 INFO  : 'targets -set -filter {jtag_cable_name =~ "Digilent Nexys A7 -100T 210292B62091A" && level==0 && jtag_device_ctx=="jsn-Nexys A7 -100T-210292B62091A-13631093-0"}' command is executed.
16:28:10 INFO  : Device configured successfully with "C:/Users/ryand/OneDrive/Documents/Xilinx/ECE153A/Vitis/ECE153a_Lab1/Hello_World/_ide/bitstream/download.bit"
16:29:35 INFO  : Connected to target on host '127.0.0.1' and port '3121'.
16:29:35 INFO  : Jtag cable 'Digilent Nexys A7 -100T 210292B62091A' is selected.
16:29:35 INFO  : 'jtag frequency' command is executed.
16:29:36 INFO  : 'targets -set -filter {jtag_cable_name =~ "Digilent Nexys A7 -100T 210292B62091A" && level==0 && jtag_device_ctx=="jsn-Nexys A7 -100T-210292B62091A-13631093-0"}' command is executed.
16:29:38 INFO  : Device configured successfully with "C:/Users/ryand/OneDrive/Documents/Xilinx/ECE153A/Vitis/ECE153a_Lab1/Hello_World/_ide/bitstream/download.bit"
16:29:38 INFO  : Context for processor 'microblaze_0' is selected.
16:29:38 INFO  : Hardware design and registers information is loaded from 'C:/Users/ryand/OneDrive/Documents/Xilinx/ECE153A/Vitis/ECE153a_Lab1/ECE153a_Lab1/export/ECE153a_Lab1/hw/system_wrapper.xsa'.
16:29:38 INFO  : 'configparams mdm-detect-bscan-mask 2' command is executed.
16:29:38 INFO  : Context for processor 'microblaze_0' is selected.
16:29:38 INFO  : System reset is completed.
16:29:41 INFO  : 'after 3000' command is executed.
16:29:41 INFO  : ----------------XSDB Script----------------
connect -url tcp:127.0.0.1:3121
targets -set -filter {jtag_cable_name =~ "Digilent Nexys A7 -100T 210292B62091A" && level==0 && jtag_device_ctx=="jsn-Nexys A7 -100T-210292B62091A-13631093-0"}
fpga -file C:/Users/ryand/OneDrive/Documents/Xilinx/ECE153A/Vitis/ECE153a_Lab1/Hello_World/_ide/bitstream/download.bit
targets -set -nocase -filter {name =~ "*microblaze*#0" && bscan=="USER2" }
loadhw -hw C:/Users/ryand/OneDrive/Documents/Xilinx/ECE153A/Vitis/ECE153a_Lab1/ECE153a_Lab1/export/ECE153a_Lab1/hw/system_wrapper.xsa -regs
configparams mdm-detect-bscan-mask 2
targets -set -nocase -filter {name =~ "*microblaze*#0" && bscan=="USER2" }
rst -system
after 3000
----------------End of Script----------------

16:29:42 INFO  : Launch script is exported to file 'C:\Users\ryand\OneDrive\Documents\Xilinx\ECE153A\Vitis\ECE153a_Lab1\Hello_World_system\_ide\scripts\systemdebugger_hello_world_system_standalone.tcl'
16:30:10 INFO  : Disconnected from the channel tcfchan#1.
16:30:12 INFO  : Connected to target on host '127.0.0.1' and port '3121'.
16:30:13 INFO  : Jtag cable 'Digilent Nexys A7 -100T 210292B62091A' is selected.
16:30:13 INFO  : 'jtag frequency' command is executed.
16:30:13 INFO  : 'targets -set -filter {jtag_cable_name =~ "Digilent Nexys A7 -100T 210292B62091A" && level==0 && jtag_device_ctx=="jsn-Nexys A7 -100T-210292B62091A-13631093-0"}' command is executed.
16:30:15 INFO  : Device configured successfully with "C:/Users/ryand/OneDrive/Documents/Xilinx/ECE153A/Vitis/ECE153a_Lab1/Hello_World/_ide/bitstream/download.bit"
16:30:15 INFO  : Context for processor 'microblaze_0' is selected.
16:30:16 INFO  : Hardware design and registers information is loaded from 'C:/Users/ryand/OneDrive/Documents/Xilinx/ECE153A/Vitis/ECE153a_Lab1/ECE153a_Lab1/export/ECE153a_Lab1/hw/system_wrapper.xsa'.
16:30:16 INFO  : 'configparams mdm-detect-bscan-mask 2' command is executed.
16:30:16 INFO  : Context for processor 'microblaze_0' is selected.
16:30:16 INFO  : System reset is completed.
16:30:19 INFO  : 'after 3000' command is executed.
16:30:19 INFO  : ----------------XSDB Script----------------
connect -url tcp:127.0.0.1:3121
targets -set -filter {jtag_cable_name =~ "Digilent Nexys A7 -100T 210292B62091A" && level==0 && jtag_device_ctx=="jsn-Nexys A7 -100T-210292B62091A-13631093-0"}
fpga -file C:/Users/ryand/OneDrive/Documents/Xilinx/ECE153A/Vitis/ECE153a_Lab1/Hello_World/_ide/bitstream/download.bit
targets -set -nocase -filter {name =~ "*microblaze*#0" && bscan=="USER2" }
loadhw -hw C:/Users/ryand/OneDrive/Documents/Xilinx/ECE153A/Vitis/ECE153a_Lab1/ECE153a_Lab1/export/ECE153a_Lab1/hw/system_wrapper.xsa -regs
configparams mdm-detect-bscan-mask 2
targets -set -nocase -filter {name =~ "*microblaze*#0" && bscan=="USER2" }
rst -system
after 3000
----------------End of Script----------------

16:30:19 INFO  : Launch script is exported to file 'C:\Users\ryand\OneDrive\Documents\Xilinx\ECE153A\Vitis\ECE153a_Lab1\Hello_World_system\_ide\scripts\systemdebugger_hello_world_system_standalone.tcl'
16:30:47 INFO  : Disconnected from the channel tcfchan#2.
16:31:29 INFO  : Result from executing command 'getProjects': ECE153a_Lab1
16:31:29 INFO  : Result from executing command 'getPlatforms': ECE153a_Lab1|C:/Users/ryand/OneDrive/Documents/Xilinx/ECE153A/Vitis/ECE153a_Lab1/ECE153a_Lab1/export/ECE153a_Lab1/ECE153a_Lab1.xpfm
16:31:29 INFO  : Checking for BSP changes to sync application flags for project 'Hello_World'...
16:31:30 INFO  : Updating application flags with new BSP settings...
16:31:30 INFO  : Successfully updated application flags for project Hello_World.
16:32:08 INFO  : Connected to target on host '127.0.0.1' and port '3121'.
16:32:09 INFO  : Jtag cable 'Digilent Nexys A7 -100T 210292B62091A' is selected.
16:32:09 INFO  : 'jtag frequency' command is executed.
16:32:09 INFO  : 'targets -set -filter {jtag_cable_name =~ "Digilent Nexys A7 -100T 210292B62091A" && level==0 && jtag_device_ctx=="jsn-Nexys A7 -100T-210292B62091A-13631093-0"}' command is executed.
16:32:12 INFO  : Device configured successfully with "C:/Users/ryand/OneDrive/Documents/Xilinx/ECE153A/Vitis/ECE153a_Lab1/Hello_World/_ide/bitstream/download.bit"
16:32:12 INFO  : Context for processor 'microblaze_0' is selected.
16:32:12 INFO  : Hardware design and registers information is loaded from 'C:/Users/ryand/OneDrive/Documents/Xilinx/ECE153A/Vitis/ECE153a_Lab1/ECE153a_Lab1/export/ECE153a_Lab1/hw/system_wrapper.xsa'.
16:32:12 INFO  : 'configparams mdm-detect-bscan-mask 2' command is executed.
16:32:12 INFO  : Context for processor 'microblaze_0' is selected.
16:32:12 INFO  : System reset is completed.
16:32:15 INFO  : 'after 3000' command is executed.
16:32:15 INFO  : Context for processor 'microblaze_0' is selected.
16:32:15 INFO  : The application 'C:/Users/ryand/OneDrive/Documents/Xilinx/ECE153A/Vitis/ECE153a_Lab1/Hello_World/Debug/Hello_World.elf' is downloaded to processor 'microblaze_0'.
16:32:15 INFO  : ----------------XSDB Script----------------
connect -url tcp:127.0.0.1:3121
targets -set -filter {jtag_cable_name =~ "Digilent Nexys A7 -100T 210292B62091A" && level==0 && jtag_device_ctx=="jsn-Nexys A7 -100T-210292B62091A-13631093-0"}
fpga -file C:/Users/ryand/OneDrive/Documents/Xilinx/ECE153A/Vitis/ECE153a_Lab1/Hello_World/_ide/bitstream/download.bit
targets -set -nocase -filter {name =~ "*microblaze*#0" && bscan=="USER2" }
loadhw -hw C:/Users/ryand/OneDrive/Documents/Xilinx/ECE153A/Vitis/ECE153a_Lab1/ECE153a_Lab1/export/ECE153a_Lab1/hw/system_wrapper.xsa -regs
configparams mdm-detect-bscan-mask 2
targets -set -nocase -filter {name =~ "*microblaze*#0" && bscan=="USER2" }
rst -system
after 3000
targets -set -nocase -filter {name =~ "*microblaze*#0" && bscan=="USER2" }
dow C:/Users/ryand/OneDrive/Documents/Xilinx/ECE153A/Vitis/ECE153a_Lab1/Hello_World/Debug/Hello_World.elf
----------------End of Script----------------

16:32:16 INFO  : Context for processor 'microblaze_0' is selected.
16:32:16 INFO  : 'con' command is executed.
16:32:16 INFO  : ----------------XSDB Script (After Launch)----------------
targets -set -nocase -filter {name =~ "*microblaze*#0" && bscan=="USER2" }
con
----------------End of Script----------------

16:32:16 INFO  : Launch script is exported to file 'C:\Users\ryand\OneDrive\Documents\Xilinx\ECE153A\Vitis\ECE153a_Lab1\Hello_World_system\_ide\scripts\debugger_hello_world-default_1.tcl'
16:33:54 INFO  : Disconnected from the channel tcfchan#4.
16:33:55 INFO  : Connected to target on host '127.0.0.1' and port '3121'.
16:34:04 INFO  : ----------------XSDB Script----------------
connect -url tcp:127.0.0.1:3121
----------------End of Script----------------

16:34:04 ERROR : Could not find FPGA device on the board for connection 'Local'.


Troubleshooting hints:
1. Check whether board is connected to system properly.
2. In case of zynq board, check whether Digilent/Xilinx cable switch settings are correct.
3. If you are using Xilinx Platform Cable USB, ensure that status LED is green.
16:35:02 INFO  : Bit file 'C:/Users/ryand/OneDrive/Documents/Xilinx/ECE153A/Vitis/ECE153a_Lab1/Hello_World/_ide/bitstream/download.bit' is generated.
16:35:02 INFO  : Connected to target on host '127.0.0.1' and port '3121'.
16:35:02 INFO  : 'targets -set -filter {jtag_cable_name =~ "Digilent Nexys A7 -100T 210292B62091A" && level==0 && jtag_device_ctx=="jsn-Nexys A7 -100T-210292B62091A-13631093-0"}' command is executed.
16:35:05 INFO  : Device configured successfully with "C:/Users/ryand/OneDrive/Documents/Xilinx/ECE153A/Vitis/ECE153a_Lab1/Hello_World/_ide/bitstream/download.bit"
16:35:18 INFO  : Connected to target on host '127.0.0.1' and port '3121'.
16:35:19 INFO  : Jtag cable 'Digilent Nexys A7 -100T 210292B62091A' is selected.
16:35:19 INFO  : 'jtag frequency' command is executed.
16:35:19 INFO  : 'targets -set -filter {jtag_cable_name =~ "Digilent Nexys A7 -100T 210292B62091A" && level==0 && jtag_device_ctx=="jsn-Nexys A7 -100T-210292B62091A-13631093-0"}' command is executed.
16:35:21 INFO  : Device configured successfully with "C:/Users/ryand/OneDrive/Documents/Xilinx/ECE153A/Vitis/ECE153a_Lab1/Hello_World/_ide/bitstream/download.bit"
16:35:21 INFO  : Context for processor 'microblaze_0' is selected.
16:35:21 INFO  : Hardware design and registers information is loaded from 'C:/Users/ryand/OneDrive/Documents/Xilinx/ECE153A/Vitis/ECE153a_Lab1/ECE153a_Lab1/export/ECE153a_Lab1/hw/system_wrapper.xsa'.
16:35:21 INFO  : 'configparams mdm-detect-bscan-mask 2' command is executed.
16:35:21 INFO  : Context for processor 'microblaze_0' is selected.
16:35:22 INFO  : System reset is completed.
16:35:25 INFO  : 'after 3000' command is executed.
16:35:25 INFO  : Context for processor 'microblaze_0' is selected.
16:35:25 INFO  : The application 'C:/Users/ryand/OneDrive/Documents/Xilinx/ECE153A/Vitis/ECE153a_Lab1/Hello_World/Debug/Hello_World.elf' is downloaded to processor 'microblaze_0'.
16:35:25 INFO  : ----------------XSDB Script----------------
connect -url tcp:127.0.0.1:3121
targets -set -filter {jtag_cable_name =~ "Digilent Nexys A7 -100T 210292B62091A" && level==0 && jtag_device_ctx=="jsn-Nexys A7 -100T-210292B62091A-13631093-0"}
fpga -file C:/Users/ryand/OneDrive/Documents/Xilinx/ECE153A/Vitis/ECE153a_Lab1/Hello_World/_ide/bitstream/download.bit
targets -set -nocase -filter {name =~ "*microblaze*#0" && bscan=="USER2" }
loadhw -hw C:/Users/ryand/OneDrive/Documents/Xilinx/ECE153A/Vitis/ECE153a_Lab1/ECE153a_Lab1/export/ECE153a_Lab1/hw/system_wrapper.xsa -regs
configparams mdm-detect-bscan-mask 2
targets -set -nocase -filter {name =~ "*microblaze*#0" && bscan=="USER2" }
rst -system
after 3000
targets -set -nocase -filter {name =~ "*microblaze*#0" && bscan=="USER2" }
dow C:/Users/ryand/OneDrive/Documents/Xilinx/ECE153A/Vitis/ECE153a_Lab1/Hello_World/Debug/Hello_World.elf
----------------End of Script----------------

16:35:25 INFO  : Context for processor 'microblaze_0' is selected.
16:35:25 INFO  : 'con' command is executed.
16:35:25 INFO  : ----------------XSDB Script (After Launch)----------------
targets -set -nocase -filter {name =~ "*microblaze*#0" && bscan=="USER2" }
con
----------------End of Script----------------

16:35:25 INFO  : Launch script is exported to file 'C:\Users\ryand\OneDrive\Documents\Xilinx\ECE153A\Vitis\ECE153a_Lab1\Hello_World_system\_ide\scripts\debugger_hello_world-default_3.tcl'
16:35:43 INFO  : Disconnected from the channel tcfchan#5.
16:35:44 INFO  : Connected to target on host '127.0.0.1' and port '3121'.
16:35:53 INFO  : ----------------XSDB Script----------------
connect -url tcp:127.0.0.1:3121
----------------End of Script----------------

16:35:53 ERROR : Could not find FPGA device on the board for connection 'Local'.


Troubleshooting hints:
1. Check whether board is connected to system properly.
2. In case of zynq board, check whether Digilent/Xilinx cable switch settings are correct.
3. If you are using Xilinx Platform Cable USB, ensure that status LED is green.
16:35:59 INFO  : Connected to target on host '127.0.0.1' and port '3121'.
16:36:00 INFO  : Jtag cable 'Digilent Nexys A7 -100T 210292B62091A' is selected.
16:36:00 INFO  : 'jtag frequency' command is executed.
16:36:00 INFO  : 'targets -set -filter {jtag_cable_name =~ "Digilent Nexys A7 -100T 210292B62091A" && level==0 && jtag_device_ctx=="jsn-Nexys A7 -100T-210292B62091A-13631093-0"}' command is executed.
16:36:02 INFO  : Device configured successfully with "C:/Users/ryand/OneDrive/Documents/Xilinx/ECE153A/Vitis/ECE153a_Lab1/Hello_World/_ide/bitstream/download.bit"
16:36:02 INFO  : Context for processor 'microblaze_0' is selected.
16:36:02 INFO  : Hardware design and registers information is loaded from 'C:/Users/ryand/OneDrive/Documents/Xilinx/ECE153A/Vitis/ECE153a_Lab1/ECE153a_Lab1/export/ECE153a_Lab1/hw/system_wrapper.xsa'.
16:36:02 INFO  : 'configparams mdm-detect-bscan-mask 2' command is executed.
16:36:02 INFO  : Context for processor 'microblaze_0' is selected.
16:36:02 INFO  : System reset is completed.
16:36:05 INFO  : 'after 3000' command is executed.
16:36:06 INFO  : Context for processor 'microblaze_0' is selected.
16:36:06 INFO  : The application 'C:/Users/ryand/OneDrive/Documents/Xilinx/ECE153A/Vitis/ECE153a_Lab1/Hello_World/Debug/Hello_World.elf' is downloaded to processor 'microblaze_0'.
16:36:06 INFO  : ----------------XSDB Script----------------
connect -url tcp:127.0.0.1:3121
targets -set -filter {jtag_cable_name =~ "Digilent Nexys A7 -100T 210292B62091A" && level==0 && jtag_device_ctx=="jsn-Nexys A7 -100T-210292B62091A-13631093-0"}
fpga -file C:/Users/ryand/OneDrive/Documents/Xilinx/ECE153A/Vitis/ECE153a_Lab1/Hello_World/_ide/bitstream/download.bit
targets -set -nocase -filter {name =~ "*microblaze*#0" && bscan=="USER2" }
loadhw -hw C:/Users/ryand/OneDrive/Documents/Xilinx/ECE153A/Vitis/ECE153a_Lab1/ECE153a_Lab1/export/ECE153a_Lab1/hw/system_wrapper.xsa -regs
configparams mdm-detect-bscan-mask 2
targets -set -nocase -filter {name =~ "*microblaze*#0" && bscan=="USER2" }
rst -system
after 3000
targets -set -nocase -filter {name =~ "*microblaze*#0" && bscan=="USER2" }
dow C:/Users/ryand/OneDrive/Documents/Xilinx/ECE153A/Vitis/ECE153a_Lab1/Hello_World/Debug/Hello_World.elf
----------------End of Script----------------

16:36:06 INFO  : Context for processor 'microblaze_0' is selected.
16:36:06 INFO  : 'con' command is executed.
16:36:06 INFO  : ----------------XSDB Script (After Launch)----------------
targets -set -nocase -filter {name =~ "*microblaze*#0" && bscan=="USER2" }
con
----------------End of Script----------------

16:36:06 INFO  : Launch script is exported to file 'C:\Users\ryand\OneDrive\Documents\Xilinx\ECE153A\Vitis\ECE153a_Lab1\Hello_World_system\_ide\scripts\debugger_hello_world-default_5.tcl'
16:42:38 INFO  : Bit file 'C:/Users/ryand/OneDrive/Documents/Xilinx/ECE153A/Vitis/ECE153a_Lab1/Hello_World/_ide/bitstream/download.bit' is generated.
16:42:38 INFO  : Connected to target on host '127.0.0.1' and port '3121'.
16:42:39 INFO  : 'targets -set -filter {jtag_cable_name =~ "Digilent Nexys A7 -100T 210292B62091A" && level==0 && jtag_device_ctx=="jsn-Nexys A7 -100T-210292B62091A-13631093-0"}' command is executed.
16:42:41 INFO  : Device configured successfully with "C:/Users/ryand/OneDrive/Documents/Xilinx/ECE153A/Vitis/ECE153a_Lab1/Hello_World/_ide/bitstream/download.bit"
16:44:03 INFO  : Bit file 'C:/Users/ryand/OneDrive/Documents/Xilinx/ECE153A/Vitis/ECE153a_Lab1/Hello_World/_ide/bitstream/download.bit' is generated.
16:44:04 INFO  : Connected to target on host '127.0.0.1' and port '3121'.
16:44:04 INFO  : 'targets -set -filter {jtag_cable_name =~ "Digilent Nexys A7 -100T 210292B62091A" && level==0 && jtag_device_ctx=="jsn-Nexys A7 -100T-210292B62091A-13631093-0"}' command is executed.
16:44:06 INFO  : Device configured successfully with "C:/Users/ryand/OneDrive/Documents/Xilinx/ECE153A/Vitis/ECE153a_Lab1/Hello_World/_ide/bitstream/download.bit"
16:44:15 INFO  : Checking for BSP changes to sync application flags for project 'Hello_World'...
16:44:55 INFO  : Disconnected from the channel tcfchan#6.
16:44:56 INFO  : Connected to target on host '127.0.0.1' and port '3121'.
16:45:05 INFO  : ----------------XSDB Script----------------
connect -url tcp:127.0.0.1:3121
----------------End of Script----------------

16:45:05 ERROR : Could not find FPGA device on the board for connection 'Local'.


Troubleshooting hints:
1. Check whether board is connected to system properly.
2. In case of zynq board, check whether Digilent/Xilinx cable switch settings are correct.
3. If you are using Xilinx Platform Cable USB, ensure that status LED is green.
16:45:15 INFO  : Connected to target on host '127.0.0.1' and port '3121'.
16:45:15 INFO  : Jtag cable 'Digilent Nexys A7 -100T 210292B62091A' is selected.
16:45:15 INFO  : 'jtag frequency' command is executed.
16:45:15 INFO  : 'targets -set -filter {jtag_cable_name =~ "Digilent Nexys A7 -100T 210292B62091A" && level==0 && jtag_device_ctx=="jsn-Nexys A7 -100T-210292B62091A-13631093-0"}' command is executed.
16:45:18 INFO  : Device configured successfully with "C:/Users/ryand/OneDrive/Documents/Xilinx/ECE153A/Vitis/ECE153a_Lab1/Hello_World/_ide/bitstream/download.bit"
16:45:18 INFO  : Context for processor 'microblaze_0' is selected.
16:45:18 INFO  : Hardware design and registers information is loaded from 'C:/Users/ryand/OneDrive/Documents/Xilinx/ECE153A/Vitis/ECE153a_Lab1/ECE153a_Lab1/export/ECE153a_Lab1/hw/system_wrapper.xsa'.
16:45:18 INFO  : 'configparams mdm-detect-bscan-mask 2' command is executed.
16:45:18 INFO  : Context for processor 'microblaze_0' is selected.
16:45:18 INFO  : System reset is completed.
16:45:21 INFO  : 'after 3000' command is executed.
16:45:21 INFO  : Context for processor 'microblaze_0' is selected.
16:45:21 INFO  : The application 'C:/Users/ryand/OneDrive/Documents/Xilinx/ECE153A/Vitis/ECE153a_Lab1/Hello_World/Debug/Hello_World.elf' is downloaded to processor 'microblaze_0'.
16:45:21 INFO  : ----------------XSDB Script----------------
connect -url tcp:127.0.0.1:3121
targets -set -filter {jtag_cable_name =~ "Digilent Nexys A7 -100T 210292B62091A" && level==0 && jtag_device_ctx=="jsn-Nexys A7 -100T-210292B62091A-13631093-0"}
fpga -file C:/Users/ryand/OneDrive/Documents/Xilinx/ECE153A/Vitis/ECE153a_Lab1/Hello_World/_ide/bitstream/download.bit
targets -set -nocase -filter {name =~ "*microblaze*#0" && bscan=="USER2" }
loadhw -hw C:/Users/ryand/OneDrive/Documents/Xilinx/ECE153A/Vitis/ECE153a_Lab1/ECE153a_Lab1/export/ECE153a_Lab1/hw/system_wrapper.xsa -regs
configparams mdm-detect-bscan-mask 2
targets -set -nocase -filter {name =~ "*microblaze*#0" && bscan=="USER2" }
rst -system
after 3000
targets -set -nocase -filter {name =~ "*microblaze*#0" && bscan=="USER2" }
dow C:/Users/ryand/OneDrive/Documents/Xilinx/ECE153A/Vitis/ECE153a_Lab1/Hello_World/Debug/Hello_World.elf
----------------End of Script----------------

16:45:21 INFO  : Context for processor 'microblaze_0' is selected.
16:45:21 INFO  : 'con' command is executed.
16:45:21 INFO  : ----------------XSDB Script (After Launch)----------------
targets -set -nocase -filter {name =~ "*microblaze*#0" && bscan=="USER2" }
con
----------------End of Script----------------

16:45:21 INFO  : Launch script is exported to file 'C:\Users\ryand\OneDrive\Documents\Xilinx\ECE153A\Vitis\ECE153a_Lab1\Hello_World_system\_ide\scripts\debugger_hello_world-default_7.tcl'
16:50:02 INFO  : Connected to target on host '127.0.0.1' and port '3121'.
16:50:03 INFO  : Jtag cable 'Digilent Nexys A7 -100T 210292B62091A' is selected.
16:50:03 INFO  : 'jtag frequency' command is executed.
16:50:03 INFO  : 'targets -set -filter {jtag_cable_name =~ "Digilent Nexys A7 -100T 210292B62091A" && level==0 && jtag_device_ctx=="jsn-Nexys A7 -100T-210292B62091A-13631093-0"}' command is executed.
16:50:06 INFO  : Device configured successfully with "C:/Users/ryand/OneDrive/Documents/Xilinx/ECE153A/Vitis/ECE153a_Lab1/Hello_World/_ide/bitstream/download.bit"
16:50:06 INFO  : Context for processor 'microblaze_0' is selected.
16:50:06 INFO  : Hardware design and registers information is loaded from 'C:/Users/ryand/OneDrive/Documents/Xilinx/ECE153A/Vitis/ECE153a_Lab1/ECE153a_Lab1/export/ECE153a_Lab1/hw/system_wrapper.xsa'.
16:50:06 INFO  : 'configparams mdm-detect-bscan-mask 2' command is executed.
16:50:06 INFO  : Context for processor 'microblaze_0' is selected.
16:50:06 INFO  : System reset is completed.
16:50:09 INFO  : 'after 3000' command is executed.
16:50:09 INFO  : Context for processor 'microblaze_0' is selected.
16:50:09 INFO  : The application 'C:/Users/ryand/OneDrive/Documents/Xilinx/ECE153A/Vitis/ECE153a_Lab1/Hello_World/Debug/Hello_World.elf' is downloaded to processor 'microblaze_0'.
16:50:09 INFO  : ----------------XSDB Script----------------
connect -url tcp:127.0.0.1:3121
targets -set -filter {jtag_cable_name =~ "Digilent Nexys A7 -100T 210292B62091A" && level==0 && jtag_device_ctx=="jsn-Nexys A7 -100T-210292B62091A-13631093-0"}
fpga -file C:/Users/ryand/OneDrive/Documents/Xilinx/ECE153A/Vitis/ECE153a_Lab1/Hello_World/_ide/bitstream/download.bit
targets -set -nocase -filter {name =~ "*microblaze*#0" && bscan=="USER2" }
loadhw -hw C:/Users/ryand/OneDrive/Documents/Xilinx/ECE153A/Vitis/ECE153a_Lab1/ECE153a_Lab1/export/ECE153a_Lab1/hw/system_wrapper.xsa -regs
configparams mdm-detect-bscan-mask 2
targets -set -nocase -filter {name =~ "*microblaze*#0" && bscan=="USER2" }
rst -system
after 3000
targets -set -nocase -filter {name =~ "*microblaze*#0" && bscan=="USER2" }
dow C:/Users/ryand/OneDrive/Documents/Xilinx/ECE153A/Vitis/ECE153a_Lab1/Hello_World/Debug/Hello_World.elf
----------------End of Script----------------

16:50:09 INFO  : Context for processor 'microblaze_0' is selected.
16:50:09 INFO  : 'con' command is executed.
16:50:09 INFO  : ----------------XSDB Script (After Launch)----------------
targets -set -nocase -filter {name =~ "*microblaze*#0" && bscan=="USER2" }
con
----------------End of Script----------------

16:50:09 INFO  : Launch script is exported to file 'C:\Users\ryand\OneDrive\Documents\Xilinx\ECE153A\Vitis\ECE153a_Lab1\Hello_World_system\_ide\scripts\debugger_hello_world-default_8.tcl'
