Copyright 1986-2022 Xilinx, Inc. All Rights Reserved.
---------------------------------------------------------------------------------------------------------------------------------
| Tool Version : Vivado v.2022.1 (win64) Build 3526262 Mon Apr 18 15:48:16 MDT 2022
| Date         : Wed Oct  9 09:58:47 2024
| Host         : Ella running 64-bit major release  (build 9200)
| Command      : report_drc -file system_wrapper_drc_opted.rpt -pb system_wrapper_drc_opted.pb -rpx system_wrapper_drc_opted.rpx
| Design       : system_wrapper
| Device       : xc7a100tcsg324-1
| Speed File   : -1
| Design State : Synthesized
---------------------------------------------------------------------------------------------------------------------------------

Report DRC

Table of Contents
-----------------
1. REPORT SUMMARY
2. REPORT DETAILS

1. REPORT SUMMARY
-----------------
            Netlist: netlist
          Floorplan: design_1
      Design limits: <entire design considered>
           Ruledeck: default
             Max violations: <unlimited>
             Violations found: 1
+-----------+----------+------------------------+------------+
| Rule      | Severity | Description            | Violations |
+-----------+----------+------------------------+------------+
| REQP-1709 | Warning  | Clock output buffering | 1          |
+-----------+----------+------------------------+------------+

2. REPORT DETAILS
-----------------
REQP-1709#1 Warning
Clock output buffering  
PLLE2_ADV connectivity violation. The signal system_i/mig_7series_0/u_system_mig_7series_0_0_mig/u_ddr2_infrastructure/pll_clk3_out on the system_i/mig_7series_0/u_system_mig_7series_0_0_mig/u_ddr2_infrastructure/plle2_i/CLKOUT3 pin of system_i/mig_7series_0/u_system_mig_7series_0_0_mig/u_ddr2_infrastructure/plle2_i does not drive the same kind of BUFFER load as the other CLKOUT pins. Routing from the different buffer types will not be phase aligned.
Related violations: <none>


